--------------------------------------------------------------------------------
Release 14.7 Trace  (lin64)
Copyright (c) 1995-2013 Xilinx, Inc.  All rights reserved.

/opt/Xilinx/14.7/ISE_DS/ISE/bin/lin64/unwrapped/trce -intstyle ise -v 3 -s 4 -n
3 -fastpaths -xml my_FOURBITMULTIPLIER.twx my_FOURBITMULTIPLIER.ncd -o
my_FOURBITMULTIPLIER.twr my_FOURBITMULTIPLIER.pcf

Design file:              my_FOURBITMULTIPLIER.ncd
Physical constraint file: my_FOURBITMULTIPLIER.pcf
Device,package,speed:     xc3s700an,fgg484,-4 (PRODUCTION 1.42 2013-10-13)
Report level:             verbose report

Environment Variable      Effect 
--------------------      ------ 
NONE                      No environment variables were set
--------------------------------------------------------------------------------

INFO:Timing:2698 - No timing constraints found, doing default enumeration.
INFO:Timing:3412 - To improve timing, see the Timing Closure User Guide (UG612).
INFO:Timing:2752 - To get complete path coverage, use the unconstrained paths 
   option. All paths that are not constrained will be reported in the 
   unconstrained paths section(s) of the report.
INFO:Timing:3339 - The clock-to-out numbers in this timing report are based on 
   a 50 Ohm transmission line loading model.  For the details of this model, 
   and for more information on accounting for different loading conditions, 
   please see the device datasheet.
INFO:Timing:3390 - This architecture does not support a default System Jitter 
   value, please add SYSTEM_JITTER constraint to the UCF to modify the Clock 
   Uncertainty calculation.
INFO:Timing:3389 - This architecture does not support 'Discrete Jitter' and 
   'Phase Error' calculations, these terms will be zero in the Clock 
   Uncertainty calculation.  Please make appropriate modification to 
   SYSTEM_JITTER to account for the unsupported Discrete Jitter and Phase 
   Error.



Data Sheet report:
-----------------
All values displayed in nanoseconds (ns)

Pad to Pad
---------------+---------------+---------+
Source Pad     |Destination Pad|  Delay  |
---------------+---------------+---------+
A<0>           |Y<0>           |    6.623|
A<0>           |Y<1>           |    6.901|
A<0>           |Y<2>           |    9.416|
A<0>           |Y<3>           |   10.203|
A<1>           |Y<1>           |    6.557|
A<1>           |Y<2>           |    9.183|
A<1>           |Y<3>           |    9.970|
A<2>           |Y<2>           |    7.777|
A<2>           |Y<3>           |    9.134|
A<3>           |Y<3>           |    8.950|
B<0>           |Y<0>           |    6.391|
B<0>           |Y<1>           |    6.517|
B<0>           |Y<2>           |    9.176|
B<0>           |Y<3>           |    9.963|
B<1>           |Y<1>           |    6.544|
B<1>           |Y<2>           |    8.979|
B<1>           |Y<3>           |    9.766|
B<2>           |Y<2>           |    7.199|
B<2>           |Y<3>           |    7.462|
B<3>           |Y<3>           |    6.643|
---------------+---------------+---------+


Analysis completed Fri Sep 20 17:03:40 2024 
--------------------------------------------------------------------------------

Trace Settings:
-------------------------
Trace Settings 

Peak Memory Usage: 376 MB



