Release 14.7 - xst P.20131013 (lin64)
Copyright (c) 1995-2013 Xilinx, Inc.  All rights reserved.
--> 
Parameter TMPDIR set to xst/projnav.tmp


Total REAL time to Xst completion: 0.00 secs
Total CPU time to Xst completion: 0.08 secs
 
--> 
Parameter xsthdpdir set to xst


Total REAL time to Xst completion: 0.00 secs
Total CPU time to Xst completion: 0.08 secs
 
--> 
Reading design: my_FOURBITMULTIPLIER.prj

TABLE OF CONTENTS
  1) Synthesis Options Summary
  2) HDL Compilation
  3) Design Hierarchy Analysis
  4) HDL Analysis
  5) HDL Synthesis
     5.1) HDL Synthesis Report
  6) Advanced HDL Synthesis
     6.1) Advanced HDL Synthesis Report
  7) Low Level Synthesis
  8) Partition Report
  9) Final Report
	9.1) Device utilization summary
	9.2) Partition Resource Summary
	9.3) TIMING REPORT


=========================================================================
*                      Synthesis Options Summary                        *
=========================================================================
---- Source Parameters
Input File Name                    : "my_FOURBITMULTIPLIER.prj"
Input Format                       : mixed
Ignore Synthesis Constraint File   : NO

---- Target Parameters
Output File Name                   : "my_FOURBITMULTIPLIER"
Output Format                      : NGC
Target Device                      : xc3s700an-4-fgg484

---- Source Options
Top Module Name                    : my_FOURBITMULTIPLIER
Automatic FSM Extraction           : YES
FSM Encoding Algorithm             : Auto
Safe Implementation                : No
FSM Style                          : LUT
RAM Extraction                     : Yes
RAM Style                          : Auto
ROM Extraction                     : Yes
Mux Style                          : Auto
Decoder Extraction                 : YES
Priority Encoder Extraction        : Yes
Shift Register Extraction          : YES
Logical Shifter Extraction         : YES
XOR Collapsing                     : YES
ROM Style                          : Auto
Mux Extraction                     : Yes
Resource Sharing                   : YES
Asynchronous To Synchronous        : NO
Multiplier Style                   : Auto
Automatic Register Balancing       : No

---- Target Options
Add IO Buffers                     : YES
Global Maximum Fanout              : 100000
Add Generic Clock Buffer(BUFG)     : 24
Register Duplication               : YES
Slice Packing                      : YES
Optimize Instantiated Primitives   : NO
Use Clock Enable                   : Yes
Use Synchronous Set                : Yes
Use Synchronous Reset              : Yes
Pack IO Registers into IOBs        : Auto
Equivalent register Removal        : YES

---- General Options
Optimization Goal                  : Speed
Optimization Effort                : 1
Keep Hierarchy                     : No
Netlist Hierarchy                  : As_Optimized
RTL Output                         : Yes
Global Optimization                : AllClockNets
Read Cores                         : YES
Write Timing Constraints           : NO
Cross Clock Analysis               : NO
Hierarchy Separator                : /
Bus Delimiter                      : <>
Case Specifier                     : Maintain
Slice Utilization Ratio            : 100
BRAM Utilization Ratio             : 100
Verilog 2001                       : YES
Auto BRAM Packing                  : NO
Slice Utilization Ratio Delta      : 5

=========================================================================


=========================================================================
*                          HDL Compilation                              *
=========================================================================
Compiling vhdl file "/home/sd/Desktop/my_ULA/my_FULLADDER.vhd" in Library work.
Architecture behavioral of Entity my_fulladder is up to date.
Compiling vhdl file "/home/sd/Desktop/my_ULA/my_FOURBITSUM.vhd" in Library work.
Architecture behavioral of Entity my_fourbitsum is up to date.
Compiling vhdl file "/home/sd/Desktop/my_ULA/my_FOURBITMULTIPLIER.vhd" in Library work.
Entity <my_fourbitmultiplier> compiled.
Entity <my_fourbitmultiplier> (Architecture <behavioral>) compiled.

=========================================================================
*                     Design Hierarchy Analysis                         *
=========================================================================
Analyzing hierarchy for entity <my_FOURBITMULTIPLIER> in library <work> (architecture <behavioral>).

Analyzing hierarchy for entity <my_FOURBITSUM> in library <work> (architecture <behavioral>).

Analyzing hierarchy for entity <my_FULLADDER> in library <work> (architecture <behavioral>).


=========================================================================
*                            HDL Analysis                               *
=========================================================================
Analyzing Entity <my_FOURBITMULTIPLIER> in library <work> (Architecture <behavioral>).
Entity <my_FOURBITMULTIPLIER> analyzed. Unit <my_FOURBITMULTIPLIER> generated.

Analyzing Entity <my_FOURBITSUM> in library <work> (Architecture <behavioral>).
Entity <my_FOURBITSUM> analyzed. Unit <my_FOURBITSUM> generated.

Analyzing Entity <my_FULLADDER> in library <work> (Architecture <behavioral>).
Entity <my_FULLADDER> analyzed. Unit <my_FULLADDER> generated.


=========================================================================
*                           HDL Synthesis                               *
=========================================================================

Performing bidirectional port resolution...

Synthesizing Unit <my_FULLADDER>.
    Related source file is "/home/sd/Desktop/my_ULA/my_FULLADDER.vhd".
    Found 1-bit xor2 for signal <SUM>.
    Found 1-bit xor2 for signal <XOR_1>.
Unit <my_FULLADDER> synthesized.


Synthesizing Unit <my_FOURBITSUM>.
    Related source file is "/home/sd/Desktop/my_ULA/my_FOURBITSUM.vhd".
Unit <my_FOURBITSUM> synthesized.


Synthesizing Unit <my_FOURBITMULTIPLIER>.
    Related source file is "/home/sd/Desktop/my_ULA/my_FOURBITMULTIPLIER.vhd".
WARNING:Xst:646 - Signal <SOMA_3<3:1>> is assigned but never used. This unconnected signal will be trimmed during the optimization process.
WARNING:Xst:646 - Signal <CARRY<2>> is assigned but never used. This unconnected signal will be trimmed during the optimization process.
Unit <my_FOURBITMULTIPLIER> synthesized.


=========================================================================
HDL Synthesis Report

Macro Statistics
# Xors                                                 : 24
 1-bit xor2                                            : 24

=========================================================================

=========================================================================
*                       Advanced HDL Synthesis                          *
=========================================================================

WARNING:Xst:1290 - Hierarchical block <ADD3> is unconnected in block <soma_aux1>.
   It will be removed from the design.
WARNING:Xst:1290 - Hierarchical block <ADD2> is unconnected in block <soma_aux2>.
   It will be removed from the design.
WARNING:Xst:1290 - Hierarchical block <ADD3> is unconnected in block <soma_aux2>.
   It will be removed from the design.
WARNING:Xst:1290 - Hierarchical block <ADD1> is unconnected in block <soma_aux3>.
   It will be removed from the design.
WARNING:Xst:1290 - Hierarchical block <ADD2> is unconnected in block <soma_aux3>.
   It will be removed from the design.
WARNING:Xst:1290 - Hierarchical block <ADD3> is unconnected in block <soma_aux3>.
   It will be removed from the design.

=========================================================================
Advanced HDL Synthesis Report

Macro Statistics
# Xors                                                 : 24
 1-bit xor2                                            : 24

=========================================================================

=========================================================================
*                         Low Level Synthesis                           *
=========================================================================

Optimizing unit <my_FOURBITMULTIPLIER> ...

Mapping all equations...
Building and optimizing final netlist ...
Found area constraint ratio of 100 (+ 5) on block my_FOURBITMULTIPLIER, actual ratio is 0.

Final Macro Processing ...

=========================================================================
Final Register Report

Found no macro
=========================================================================

=========================================================================
*                           Partition Report                            *
=========================================================================

Partition Implementation Status
-------------------------------

  No Partitions were found in this design.

-------------------------------

=========================================================================
*                            Final Report                               *
=========================================================================
Final Results
RTL Top Level Output File Name     : my_FOURBITMULTIPLIER.ngr
Top Level Output File Name         : my_FOURBITMULTIPLIER
Output Format                      : NGC
Optimization Goal                  : Speed
Keep Hierarchy                     : No

Design Statistics
# IOs                              : 12

Cell Usage :
# BELS                             : 12
#      LUT2                        : 4
#      LUT3                        : 2
#      LUT4                        : 6
# IO Buffers                       : 12
#      IBUF                        : 8
#      OBUF                        : 4
=========================================================================

Device utilization summary:
---------------------------

Selected Device : 3s700anfgg484-4 

 Number of Slices:                        7  out of   5888     0%  
 Number of 4 input LUTs:                 12  out of  11776     0%  
 Number of IOs:                          12
 Number of bonded IOBs:                  12  out of    372     3%  

---------------------------
Partition Resource Summary:
---------------------------

  No Partitions were found in this design.

---------------------------


=========================================================================
TIMING REPORT

NOTE: THESE TIMING NUMBERS ARE ONLY A SYNTHESIS ESTIMATE.
      FOR ACCURATE TIMING INFORMATION PLEASE REFER TO THE TRACE REPORT
      GENERATED AFTER PLACE-and-ROUTE.

Clock Information:
------------------
No clock signals found in this design

Asynchronous Control Signals Information:
----------------------------------------
No asynchronous control signals found in this design

Timing Summary:
---------------
Speed Grade: -4

   Minimum period: No path found
   Minimum input arrival time before clock: No path found
   Maximum output required time after clock: No path found
   Maximum combinational path delay: 10.759ns

Timing Detail:
--------------
All values displayed in nanoseconds (ns)

=========================================================================
Timing constraint: Default path analysis
  Total number of paths / destination ports: 41 / 4
-------------------------------------------------------------------------
Delay:               10.759ns (Levels of Logic = 6)
  Source:            A<1> (PAD)
  Destination:       Y<3> (PAD)

  Data Path: A<1> to Y<3>
                                Gate     Net
    Cell:in->out      fanout   Delay   Delay  Logical Name (Net Name)
    ----------------------------------------  ------------
     IBUF:I->O             4   0.849   0.730  A_1_IBUF (A_1_IBUF)
     LUT2:I0->O            2   0.648   0.590  AND_2_1_and00001 (AND_2<1>)
     LUT4:I0->O            1   0.648   0.563  soma_aux2/ADD1/Mxor_XOR_1_Result11 (N0)
     LUT3:I0->O            1   0.648   0.500  soma_aux2/ADD1/Mxor_XOR_1_Result2 (soma_aux2/ADD1/XOR_1)
     LUT4:I1->O            1   0.643   0.420  soma_aux3/ADD0/Mxor_XOR_1_Result (Y_3_OBUF)
     OBUF:I->O                 4.520          Y_3_OBUF (Y<3>)
    ----------------------------------------
    Total                     10.759ns (7.956ns logic, 2.803ns route)
                                       (73.9% logic, 26.1% route)

=========================================================================


Total REAL time to Xst completion: 5.00 secs
Total CPU time to Xst completion: 5.74 secs
 
--> 


Total memory usage is 607492 kilobytes

Number of errors   :    0 (   0 filtered)
Number of warnings :    8 (   0 filtered)
Number of infos    :    0 (   0 filtered)

